mktextfm SimSun/OT
mktextfm SimSun/OT
mktextfm SimSun/OT
mktextfm FandolSong/OT
mktextfm FandolSong/OT
mktextfm FandolSong/OT
mktextfm FandolSong/OT
mktextfm FandolSong/OT
mktextfm FandolSong/OT
mktextfm FandolSong/OT
mktextfm FandolSong/OT
mktextfm FandolSong/OT
mktextfm FandolSong
mktextfm FandolSong
mktextfm FandolSong
mktextfm FandolSong
mktextfm FandolSong
mktextfm FandolSong
mktextfm fandolsong/OT
mktextfm fandolsong/OT
mktextfm fandolsong/OT
mktextfm fandolsong/OT
mktextfm fandolsong/OT
mktextfm fandolsong/OT
mktextfm FandolSong/OT
mktextfm FandolSong/OT
mktextfm FandolSong/OT
mktextfm FandolSong/OT
mktextfm FandolSong/OT
mktextfm FandolSong/OT
mktextfm SourceHanSerifCN/OT
mktextfm SourceHanSerifCN/OT
mktextfm SourceHanSerifCN/OT
mktextfm SourceHanSerifCN/OT
mktextfm SourceHanSerifCN/OT
mktextfm SourceHanSerifCN/OT
mktextfm SourceHanSerifCN/OT
mktextfm SourceHanSerifCN/OT
mktextfm SourceHanSerifCN/OT
mktextfm SourceHanSerifCN/OT
mktextfm SourceHanSerifCN/OT
mktextfm SourceHanSerifCN/OT
mktextfm SourceHanSerifCN/OT
mktextfm SourceHanSerifCN/OT
mktextfm SourceHanSerifCN/OT
mktextfm SourceHanSerifCN/OT
mktextfm SourceHanSerifCN/OT
mktextfm SourceHanSerifCN/OT
mktextfm SourceHanSerifCN/OT
mktextfm SourceHanSerifCN/OT
mktextfm SourceHanSerifCN/OT
mktextfm FandolSong-Regular/OT
mktextfm FandolSong-Regular/OT
mktextfm FandolSong-Regular/OT
mktextfm FandolSong-Regular/OT
mktextfm FandolSong-Regular/OT
mktextfm FandolSong-Regular/OT
mktextfm TeXGyrePagella
mktextfm TeXGyrePagella
mktextfm TeXGyrePagella
mktextfm TeXGyrePagella
mktextfm TeXGyrePagella
mktextfm TeXGyrePagella
mktextfm TeXGyrePagella
mktextfm TeXGyrePagella
mktextfm TeXGyrePagella
mktextfm TeXGyrePagella
mktextfm TeXGyrePagella
mktextfm TeXGyrePagella
mktextfm TeXGyrePagella
mktextfm TeXGyrePagella
mktextfm TeXGyrePagella
mktextfm TeXGyrePagella
mktextfm TeXGyrePagella
mktextfm TeXGyrePagella
mktextfm TeXGyrePagella
mktextfm TeXGyrePagella
mktextfm TeXGyrePagella
mktextfm TeXGyrePagella
mktextfm TeXGyrePagella
mktextfm TeXGyrePagella
mktextfm TeXGyrePagella
mktextfm TeXGyrePagella
mktextfm TeXGyrePagella
mktextfm TeXGyrePagellaX-Regular
mktextfm TeXGyrePagellaX-Regular
mktextfm TeXGyrePagellaX-Regular
mktextfm TeXGyrePagellaX-Regular
mktextfm TeXGyrePagellaX-Regular
mktextfm TeXGyrePagellaX-Regular
mktextfm TeXGyrePagellaX-Regular
mktextfm TeXGyrePagellaX-Regular
mktextfm TeXGyrePagellaX-Regular
